<?xml version="1.0" encoding="UTF-8"?>
<testsuite xmlns:xsi="http://www.w3.org/2001/XMLSchema-instance" xsi:noNamespaceSchemaLocation="https://maven.apache.org/surefire/maven-surefire-plugin/xsd/surefire-test-report.xsd" name="com.ya.tests.CourierLoginTest" time="5.882" tests="4" errors="0" skipped="0" failures="0">
  <properties>
[...]
</properties>
  <testcase name="courierCantLoginWithOutPassword" classname="com.ya.tests.CourierLoginTest" time="3.799"/>
  <testcase name="courierCantLoginWithNonValidCredentials" classname="com.ya.tests.CourierLoginTest" time="0.674"/>
  <testcase name="courierCantLoginWithOutLogin" classname="com.ya.tests.CourierLoginTest" time="0.598"/>
  <testcase name="courierCanLoginWithValidCredentials" classname="com.ya.tests.CourierLoginTest" time="0.608"/>
</testsuite>